[2017-03-05 12:38:04] php_system.INFO: E_NOTICE: array (   'type' => 8,   'message' => 'Undefined index: action',   'file' => '/home/comparlo/public_html/wp/wp-content/plugins/custom-qa/custom-qa.php',   'line' => 193, ) [] []
[2017-03-05 12:38:18] php_system.INFO: E_NOTICE: array (   'type' => 8,   'message' => 'Undefined index: action',   'file' => '/home/comparlo/public_html/wp/wp-content/plugins/custom-qa/custom-qa.php',   'line' => 193, ) [] []
[2017-03-05 12:38:54] xcloner_api.INFO: Processing ajax request ID _jbk09r35t [] []
[2017-03-05 12:38:54] xcloner_file_system.INFO: Starting the filesystem scanner on root folder /home/comparlo/public_html/wp [] []
[2017-03-05 12:38:55] xcloner_file_system.INFO: Excluding .htaccess from the filesystem list, matching pattern / ["FILESYSTEM SCAN","EXCLUDE"] []
[2017-03-05 12:38:55] xcloner_file_system.INFO: Excluding cache from the filesystem list, matching pattern / ["FILESYSTEM SCAN","EXCLUDE"] []
[2017-03-05 12:38:55] xcloner_file_system.INFO: Excluding index.php from the filesystem list, matching pattern / ["FILESYSTEM SCAN","EXCLUDE"] []
[2017-03-05 12:38:55] xcloner_file_system.INFO: Excluding license.txt from the filesystem list, matching pattern / ["FILESYSTEM SCAN","EXCLUDE"] []
[2017-03-05 12:38:55] xcloner_file_system.INFO: Excluding readme.html from the filesystem list, matching pattern / ["FILESYSTEM SCAN","EXCLUDE"] []
[2017-03-05 12:38:55] xcloner_file_system.INFO: Excluding wp-activate.php from the filesystem list, matching pattern / ["FILESYSTEM SCAN","EXCLUDE"] []
[2017-03-05 12:38:55] xcloner_file_system.INFO: Excluding wp-admin from the filesystem list, matching pattern / ["FILESYSTEM SCAN","EXCLUDE"] []
[2017-03-05 12:38:55] xcloner_file_system.INFO: Excluding wp-blog-header.php from the filesystem list, matching pattern / ["FILESYSTEM SCAN","EXCLUDE"] []
[2017-03-05 12:38:55] xcloner_file_system.INFO: Excluding wp-comments-post.php from the filesystem list, matching pattern / ["FILESYSTEM SCAN","EXCLUDE"] []
[2017-03-05 12:38:55] xcloner_file_system.INFO: Excluding wp-config-sample.php from the filesystem list, matching pattern / ["FILESYSTEM SCAN","EXCLUDE"] []
[2017-03-05 12:38:55] xcloner_file_system.INFO: Excluding wp-config.php from the filesystem list, matching pattern / ["FILESYSTEM SCAN","EXCLUDE"] []
[2017-03-05 12:38:55] xcloner_file_system.INFO: Excluding wp-content from the filesystem list, matching pattern / ["FILESYSTEM SCAN","EXCLUDE"] []
[2017-03-05 12:38:55] xcloner_file_system.INFO: Excluding wp-cron.php from the filesystem list, matching pattern / ["FILESYSTEM SCAN","EXCLUDE"] []
[2017-03-05 12:38:55] xcloner_file_system.INFO: Excluding wp-includes from the filesystem list, matching pattern / ["FILESYSTEM SCAN","EXCLUDE"] []
[2017-03-05 12:38:55] xcloner_file_system.INFO: Excluding wp-links-opml.php from the filesystem list, matching pattern / ["FILESYSTEM SCAN","EXCLUDE"] []
[2017-03-05 12:38:55] xcloner_file_system.INFO: Excluding wp-load.php from the filesystem list, matching pattern / ["FILESYSTEM SCAN","EXCLUDE"] []
[2017-03-05 12:38:55] xcloner_file_system.INFO: Excluding wp-login.php from the filesystem list, matching pattern / ["FILESYSTEM SCAN","EXCLUDE"] []
[2017-03-05 12:38:55] xcloner_file_system.INFO: Excluding wp-mail.php from the filesystem list, matching pattern / ["FILESYSTEM SCAN","EXCLUDE"] []
[2017-03-05 12:38:55] xcloner_file_system.INFO: Excluding wp-settings.php from the filesystem list, matching pattern / ["FILESYSTEM SCAN","EXCLUDE"] []
[2017-03-05 12:38:55] xcloner_file_system.INFO: Excluding wp-signup.php from the filesystem list, matching pattern / ["FILESYSTEM SCAN","EXCLUDE"] []
[2017-03-05 12:38:55] xcloner_file_system.INFO: Excluding wp-trackback.php from the filesystem list, matching pattern / ["FILESYSTEM SCAN","EXCLUDE"] []
[2017-03-05 12:38:55] xcloner_file_system.INFO: Excluding xmlrpc.php from the filesystem list, matching pattern / ["FILESYSTEM SCAN","EXCLUDE"] []
[2017-03-05 12:38:55] xcloner_api.INFO: Processing ajax request ID _4gm0tsbtp [] []
[2017-03-05 12:38:56] xcloner_database.INFO: Preparing the database recursion file [""] []
[2017-03-05 12:38:57] xcloner_api.INFO: Processing ajax request ID _e0h5mrnex [] []
[2017-03-05 12:38:57] xcloner_database.INFO: Starting new backup dump to file database-backup.sql [""] []
[2017-03-05 12:38:57] xcloner_database.INFO: Writing comparlo_wpwebsite database dump headers [""] []
[2017-03-05 12:38:57] xcloner_database.INFO: Dumping the structure for comparlo_wpwebsite.wp_commentmeta table [""] []
[2017-03-05 12:38:57] xcloner_database.INFO: Dumping 6 records starting position 0 from comparlo_wpwebsite.wp_commentmeta table [""] []
[2017-03-05 12:38:58] xcloner_api.INFO: Processing ajax request ID _zce3ikjfo [] []
[2017-03-05 12:38:58] xcloner_database.INFO: Dumping the structure for comparlo_wpwebsite.wp_comments table [""] []
[2017-03-05 12:38:58] xcloner_database.INFO: Dumping 19 records starting position 0 from comparlo_wpwebsite.wp_comments table [""] []
[2017-03-05 12:38:59] xcloner_api.INFO: Processing ajax request ID _gs48me16q [] []
[2017-03-05 12:39:00] xcloner_database.INFO: Dumping the structure for comparlo_wpwebsite.wp_gglcptch_whitelist table [""] []
[2017-03-05 12:39:00] xcloner_database.INFO: Dumping 0 records starting position 0 from comparlo_wpwebsite.wp_gglcptch_whitelist table [""] []
[2017-03-05 12:39:00] xcloner_api.INFO: Processing ajax request ID _7ll393thk [] []
[2017-03-05 12:39:01] xcloner_database.INFO: Dumping the structure for comparlo_wpwebsite.wp_irecommendthis_votes table [""] []
[2017-03-05 12:39:01] xcloner_database.INFO: Dumping 0 records starting position 0 from comparlo_wpwebsite.wp_irecommendthis_votes table [""] []
[2017-03-05 12:39:02] xcloner_api.INFO: Processing ajax request ID _a5hyqfejv [] []
[2017-03-05 12:39:02] xcloner_database.INFO: Dumping the structure for comparlo_wpwebsite.wp_layerslider table [""] []
[2017-03-05 12:39:02] xcloner_database.INFO: Dumping 0 records starting position 0 from comparlo_wpwebsite.wp_layerslider table [""] []
[2017-03-05 12:39:03] xcloner_api.INFO: Processing ajax request ID _jswmv5riu [] []
[2017-03-05 12:39:04] xcloner_database.INFO: Dumping the structure for comparlo_wpwebsite.wp_links table [""] []
[2017-03-05 12:39:04] xcloner_database.INFO: Dumping 0 records starting position 0 from comparlo_wpwebsite.wp_links table [""] []
[2017-03-05 12:39:05] xcloner_api.INFO: Processing ajax request ID _zku87a2p5 [] []
[2017-03-05 12:39:05] xcloner_database.INFO: Dumping the structure for comparlo_wpwebsite.wp_options table [""] []
[2017-03-05 12:39:06] xcloner_database.INFO: Dumping 707 records starting position 0 from comparlo_wpwebsite.wp_options table [""] []
[2017-03-05 12:39:07] xcloner_api.INFO: Processing ajax request ID _kg56apo0d [] []
[2017-03-05 12:39:07] xcloner_database.INFO: Dumping the structure for comparlo_wpwebsite.wp_postmeta table [""] []
[2017-03-05 12:39:08] xcloner_database.INFO: Dumping 3108 records starting position 0 from comparlo_wpwebsite.wp_postmeta table [""] []
[2017-03-05 12:39:08] xcloner_api.INFO: Processing ajax request ID _ue7wjpbc6 [] []
[2017-03-05 12:39:09] xcloner_database.INFO: Dumping the structure for comparlo_wpwebsite.wp_posts table [""] []
[2017-03-05 12:39:09] xcloner_database.INFO: Dumping 524 records starting position 0 from comparlo_wpwebsite.wp_posts table [""] []
[2017-03-05 12:39:10] xcloner_api.INFO: Processing ajax request ID _fld5zp5mb [] []
[2017-03-05 12:39:10] xcloner_database.INFO: Dumping the structure for comparlo_wpwebsite.wp_revslider_css table [""] []
[2017-03-05 12:39:10] xcloner_database.INFO: Dumping 109 records starting position 0 from comparlo_wpwebsite.wp_revslider_css table [""] []
[2017-03-05 12:39:11] xcloner_api.INFO: Processing ajax request ID _24f8jtq8j [] []
[2017-03-05 12:39:12] xcloner_database.INFO: Dumping the structure for comparlo_wpwebsite.wp_revslider_layer_animations table [""] []
[2017-03-05 12:39:12] xcloner_database.INFO: Dumping 0 records starting position 0 from comparlo_wpwebsite.wp_revslider_layer_animations table [""] []
[2017-03-05 12:39:12] xcloner_api.INFO: Processing ajax request ID _9czikorj1 [] []
[2017-03-05 12:39:13] xcloner_database.INFO: Dumping the structure for comparlo_wpwebsite.wp_revslider_navigations table [""] []
[2017-03-05 12:39:13] xcloner_database.INFO: Dumping 0 records starting position 0 from comparlo_wpwebsite.wp_revslider_navigations table [""] []
[2017-03-05 12:39:14] xcloner_api.INFO: Processing ajax request ID _hwwg4opt8 [] []
[2017-03-05 12:39:14] xcloner_database.INFO: Dumping the structure for comparlo_wpwebsite.wp_revslider_sliders table [""] []
[2017-03-05 12:39:14] xcloner_database.INFO: Dumping 0 records starting position 0 from comparlo_wpwebsite.wp_revslider_sliders table [""] []
[2017-03-05 12:39:15] xcloner_api.INFO: Processing ajax request ID _9ky05hjfl [] []
[2017-03-05 12:39:15] xcloner_database.INFO: Dumping the structure for comparlo_wpwebsite.wp_revslider_slides table [""] []
[2017-03-05 12:39:15] xcloner_database.INFO: Dumping 0 records starting position 0 from comparlo_wpwebsite.wp_revslider_slides table [""] []
[2017-03-05 12:39:16] xcloner_api.INFO: Processing ajax request ID _1oh2z3kcx [] []
[2017-03-05 12:39:17] xcloner_database.INFO: Dumping the structure for comparlo_wpwebsite.wp_revslider_static_slides table [""] []
[2017-03-05 12:39:17] xcloner_database.INFO: Dumping 0 records starting position 0 from comparlo_wpwebsite.wp_revslider_static_slides table [""] []
[2017-03-05 12:39:18] xcloner_api.INFO: Processing ajax request ID _dkpxxh6fd [] []
[2017-03-05 12:39:18] xcloner_database.INFO: Dumping the structure for comparlo_wpwebsite.wp_rm_fields table [""] []
[2017-03-05 12:39:18] xcloner_database.INFO: Dumping 0 records starting position 0 from comparlo_wpwebsite.wp_rm_fields table [""] []
[2017-03-05 12:39:19] xcloner_api.INFO: Processing ajax request ID _7cgv4maq9 [] []
[2017-03-05 12:39:20] xcloner_database.INFO: Dumping the structure for comparlo_wpwebsite.wp_rm_forms table [""] []
[2017-03-05 12:39:20] xcloner_database.INFO: Dumping 0 records starting position 0 from comparlo_wpwebsite.wp_rm_forms table [""] []
[2017-03-05 12:39:21] xcloner_api.INFO: Processing ajax request ID _5p5um3kw4 [] []
[2017-03-05 12:39:21] xcloner_database.INFO: Dumping the structure for comparlo_wpwebsite.wp_rm_front_users table [""] []
[2017-03-05 12:39:21] xcloner_database.INFO: Dumping 0 records starting position 0 from comparlo_wpwebsite.wp_rm_front_users table [""] []
[2017-03-05 12:39:22] xcloner_api.INFO: Processing ajax request ID _7kwzazeqi [] []
[2017-03-05 12:39:22] xcloner_database.INFO: Dumping the structure for comparlo_wpwebsite.wp_rm_notes table [""] []
[2017-03-05 12:39:22] xcloner_database.INFO: Dumping 0 records starting position 0 from comparlo_wpwebsite.wp_rm_notes table [""] []
[2017-03-05 12:39:23] xcloner_api.INFO: Processing ajax request ID _ydwmmlhgr [] []
[2017-03-05 12:39:24] xcloner_database.INFO: Dumping the structure for comparlo_wpwebsite.wp_rm_paypal_fields table [""] []
[2017-03-05 12:39:24] xcloner_database.INFO: Dumping 0 records starting position 0 from comparlo_wpwebsite.wp_rm_paypal_fields table [""] []
[2017-03-05 12:39:25] xcloner_api.INFO: Processing ajax request ID _kazryfnol [] []
[2017-03-05 12:39:25] xcloner_database.INFO: Dumping the structure for comparlo_wpwebsite.wp_rm_paypal_logs table [""] []
[2017-03-05 12:39:25] xcloner_database.INFO: Dumping 0 records starting position 0 from comparlo_wpwebsite.wp_rm_paypal_logs table [""] []
[2017-03-05 12:39:26] xcloner_api.INFO: Processing ajax request ID _dlbd7ffpc [] []
[2017-03-05 12:39:27] xcloner_database.INFO: Dumping the structure for comparlo_wpwebsite.wp_rm_sent_mails table [""] []
[2017-03-05 12:39:27] xcloner_database.INFO: Dumping 0 records starting position 0 from comparlo_wpwebsite.wp_rm_sent_mails table [""] []
[2017-03-05 12:39:28] xcloner_api.INFO: Processing ajax request ID _7d95d1n7f [] []
[2017-03-05 12:39:28] xcloner_database.INFO: Dumping the structure for comparlo_wpwebsite.wp_rm_sessions table [""] []
[2017-03-05 12:39:28] xcloner_database.INFO: Dumping 2 records starting position 0 from comparlo_wpwebsite.wp_rm_sessions table [""] []
[2017-03-05 12:39:29] xcloner_api.INFO: Processing ajax request ID _xnpi0d5et [] []
[2017-03-05 12:39:29] xcloner_database.INFO: Dumping the structure for comparlo_wpwebsite.wp_rm_stats table [""] []
[2017-03-05 12:39:29] xcloner_database.INFO: Dumping 0 records starting position 0 from comparlo_wpwebsite.wp_rm_stats table [""] []
[2017-03-05 12:39:30] xcloner_api.INFO: Processing ajax request ID _h6mbzra6w [] []
[2017-03-05 12:39:31] xcloner_database.INFO: Dumping the structure for comparlo_wpwebsite.wp_rm_submission_fields table [""] []
[2017-03-05 12:39:31] xcloner_database.INFO: Dumping 0 records starting position 0 from comparlo_wpwebsite.wp_rm_submission_fields table [""] []
[2017-03-05 12:39:32] xcloner_api.INFO: Processing ajax request ID _4admu0lej [] []
[2017-03-05 12:39:32] xcloner_database.INFO: Dumping the structure for comparlo_wpwebsite.wp_rm_submissions table [""] []
[2017-03-05 12:39:32] xcloner_database.INFO: Dumping 0 records starting position 0 from comparlo_wpwebsite.wp_rm_submissions table [""] []
[2017-03-05 12:39:33] xcloner_api.INFO: Processing ajax request ID _7dzxuyqc5 [] []
[2017-03-05 12:39:33] xcloner_database.INFO: Dumping the structure for comparlo_wpwebsite.wp_term_relationships table [""] []
[2017-03-05 12:39:34] xcloner_database.INFO: Dumping 327 records starting position 0 from comparlo_wpwebsite.wp_term_relationships table [""] []
[2017-03-05 12:39:34] xcloner_api.INFO: Processing ajax request ID _6asg1bdrh [] []
[2017-03-05 12:39:35] xcloner_database.INFO: Dumping the structure for comparlo_wpwebsite.wp_term_taxonomy table [""] []
[2017-03-05 12:39:35] xcloner_database.INFO: Dumping 140 records starting position 0 from comparlo_wpwebsite.wp_term_taxonomy table [""] []
[2017-03-05 12:39:36] xcloner_api.INFO: Processing ajax request ID _1lmdz5cra [] []
[2017-03-05 12:39:37] xcloner_database.INFO: Dumping the structure for comparlo_wpwebsite.wp_termmeta table [""] []
[2017-03-05 12:39:37] xcloner_database.INFO: Dumping 0 records starting position 0 from comparlo_wpwebsite.wp_termmeta table [""] []
[2017-03-05 12:39:38] xcloner_api.INFO: Processing ajax request ID _9fh9hnxv8 [] []
[2017-03-05 12:39:38] xcloner_database.INFO: Dumping the structure for comparlo_wpwebsite.wp_terms table [""] []
[2017-03-05 12:39:38] xcloner_database.INFO: Dumping 140 records starting position 0 from comparlo_wpwebsite.wp_terms table [""] []
[2017-03-05 12:39:39] xcloner_api.INFO: Processing ajax request ID _0nj8s2a83 [] []
[2017-03-05 12:39:39] xcloner_database.INFO: Dumping the structure for comparlo_wpwebsite.wp_usermeta table [""] []
[2017-03-05 12:39:40] xcloner_database.INFO: Dumping 1963 records starting position 0 from comparlo_wpwebsite.wp_usermeta table [""] []
[2017-03-05 12:39:41] xcloner_api.INFO: Processing ajax request ID _g41m3dtr4 [] []
[2017-03-05 12:39:41] xcloner_database.INFO: Dumping the structure for comparlo_wpwebsite.wp_users table [""] []
[2017-03-05 12:39:41] xcloner_database.INFO: Dumping 41 records starting position 0 from comparlo_wpwebsite.wp_users table [""] []
[2017-03-05 12:39:42] xcloner_api.INFO: Processing ajax request ID _erm02i3s8 [] []
[2017-03-05 12:39:42] xcloner_database.INFO: Dumping the structure for comparlo_wpwebsite.wp_users_ultra_pm table [""] []
[2017-03-05 12:39:42] xcloner_database.INFO: Dumping 0 records starting position 0 from comparlo_wpwebsite.wp_users_ultra_pm table [""] []
[2017-03-05 12:39:43] xcloner_api.INFO: Processing ajax request ID _35om722aj [] []
[2017-03-05 12:39:44] xcloner_database.INFO: Dumping the structure for comparlo_wpwebsite.wp_usersultra_ajaxrating_vote table [""] []
[2017-03-05 12:39:44] xcloner_database.INFO: Dumping 0 records starting position 0 from comparlo_wpwebsite.wp_usersultra_ajaxrating_vote table [""] []
[2017-03-05 12:39:45] xcloner_api.INFO: Processing ajax request ID _4nj5pnrse [] []
[2017-03-05 12:39:45] xcloner_database.INFO: Dumping the structure for comparlo_wpwebsite.wp_usersultra_ajaxrating_votesummary table [""] []
[2017-03-05 12:39:45] xcloner_database.INFO: Dumping 0 records starting position 0 from comparlo_wpwebsite.wp_usersultra_ajaxrating_votesummary table [""] []
[2017-03-05 12:39:46] xcloner_api.INFO: Processing ajax request ID _0wku0i5sl [] []
[2017-03-05 12:39:47] xcloner_database.INFO: Dumping the structure for comparlo_wpwebsite.wp_usersultra_friends table [""] []
[2017-03-05 12:39:47] xcloner_database.INFO: Dumping 0 records starting position 0 from comparlo_wpwebsite.wp_usersultra_friends table [""] []
[2017-03-05 12:39:48] xcloner_api.INFO: Processing ajax request ID _irfu4wlz8 [] []
[2017-03-05 12:39:48] xcloner_database.INFO: Dumping the structure for comparlo_wpwebsite.wp_usersultra_galleries table [""] []
[2017-03-05 12:39:48] xcloner_database.INFO: Dumping 0 records starting position 0 from comparlo_wpwebsite.wp_usersultra_galleries table [""] []
[2017-03-05 12:39:49] xcloner_api.INFO: Processing ajax request ID _nliwp9s5x [] []
[2017-03-05 12:39:50] xcloner_database.INFO: Dumping the structure for comparlo_wpwebsite.wp_usersultra_likes table [""] []
[2017-03-05 12:39:50] xcloner_database.INFO: Dumping 0 records starting position 0 from comparlo_wpwebsite.wp_usersultra_likes table [""] []
[2017-03-05 12:39:51] xcloner_api.INFO: Processing ajax request ID _rczab5j2a [] []
[2017-03-05 12:39:51] xcloner_database.INFO: Dumping the structure for comparlo_wpwebsite.wp_usersultra_orders table [""] []
[2017-03-05 12:39:51] xcloner_database.INFO: Dumping 0 records starting position 0 from comparlo_wpwebsite.wp_usersultra_orders table [""] []
[2017-03-05 12:39:53] xcloner_api.INFO: Processing ajax request ID _yccspiuoz [] []
[2017-03-05 12:39:53] xcloner_database.INFO: Dumping the structure for comparlo_wpwebsite.wp_usersultra_packages table [""] []
[2017-03-05 12:39:53] xcloner_database.INFO: Dumping 0 records starting position 0 from comparlo_wpwebsite.wp_usersultra_packages table [""] []
[2017-03-05 12:39:54] xcloner_api.INFO: Processing ajax request ID _8fqcd4vhh [] []
[2017-03-05 12:39:55] xcloner_database.INFO: Dumping the structure for comparlo_wpwebsite.wp_usersultra_photo_cat_rel table [""] []
[2017-03-05 12:39:55] xcloner_database.INFO: Dumping 0 records starting position 0 from comparlo_wpwebsite.wp_usersultra_photo_cat_rel table [""] []
[2017-03-05 12:39:56] xcloner_api.INFO: Processing ajax request ID _idfnyqbmi [] []
[2017-03-05 12:39:56] xcloner_database.INFO: Dumping the structure for comparlo_wpwebsite.wp_usersultra_photo_categories table [""] []
[2017-03-05 12:39:56] xcloner_database.INFO: Dumping 0 records starting position 0 from comparlo_wpwebsite.wp_usersultra_photo_categories table [""] []
[2017-03-05 12:39:57] xcloner_api.INFO: Processing ajax request ID _orpl3ffba [] []
[2017-03-05 12:39:58] xcloner_database.INFO: Dumping the structure for comparlo_wpwebsite.wp_usersultra_photos table [""] []
[2017-03-05 12:39:58] xcloner_database.INFO: Dumping 0 records starting position 0 from comparlo_wpwebsite.wp_usersultra_photos table [""] []
[2017-03-05 12:39:59] xcloner_api.INFO: Processing ajax request ID _vsbcnsm74 [] []
[2017-03-05 12:39:59] xcloner_database.INFO: Dumping the structure for comparlo_wpwebsite.wp_usersultra_stats table [""] []
[2017-03-05 12:40:01] xcloner_database.INFO: Dumping 0 records starting position 0 from comparlo_wpwebsite.wp_usersultra_stats table [""] []
[2017-03-05 12:40:02] xcloner_api.INFO: Processing ajax request ID _ev7lchzxu [] []
[2017-03-05 12:40:02] xcloner_database.INFO: Dumping the structure for comparlo_wpwebsite.wp_usersultra_stats_raw table [""] []
[2017-03-05 12:40:02] xcloner_database.INFO: Dumping 0 records starting position 0 from comparlo_wpwebsite.wp_usersultra_stats_raw table [""] []
[2017-03-05 12:40:03] xcloner_api.INFO: Processing ajax request ID _zbyar5hcc [] []
[2017-03-05 12:40:04] xcloner_database.INFO: Dumping the structure for comparlo_wpwebsite.wp_usersultra_videos table [""] []
[2017-03-05 12:40:04] xcloner_database.INFO: Dumping 0 records starting position 0 from comparlo_wpwebsite.wp_usersultra_videos table [""] []
[2017-03-05 12:40:05] xcloner_api.INFO: Processing ajax request ID _p3d7vabad [] []
[2017-03-05 12:40:05] xcloner_database.INFO: Dumping the structure for comparlo_wpwebsite.wp_xcloner_scheduler table [""] []
[2017-03-05 12:40:05] xcloner_database.INFO: Dumping 0 records starting position 0 from comparlo_wpwebsite.wp_xcloner_scheduler table [""] []
[2017-03-05 12:40:07] xcloner_api.INFO: Processing ajax request ID _lial639fp [] []
[2017-03-05 12:40:08] xcloner_api.INFO: Processing ajax request ID _m1bjqc5o9 [] []
[2017-03-05 12:40:08] xcloner_archive.INFO: Initializing the backup archive backup_www.comparlo.com-2017-03-05_12-40-sql [] []
[2017-03-05 12:40:08] xcloner_archive.INFO: Adding 0 bytes of file xcloner-8c096/index.html to archive backup_www.comparlo.com-2017-03-05_12-40-sql-8c096.tar  [] []
[2017-03-05 12:40:08] xcloner_archive.INFO: Adding 260 bytes of file xcloner-8c096/backup_files.csv to archive backup_www.comparlo.com-2017-03-05_12-40-sql-8c096.tar  [] []
[2017-03-05 12:40:08] xcloner_archive.INFO: Adding 20844 bytes of file xcloner-8c096/xcloner-8c096.log to archive backup_www.comparlo.com-2017-03-05_12-40-sql-8c096.tar  [] []
[2017-03-05 12:40:08] xcloner_archive.INFO: Adding 4036314 bytes of file xcloner-8c096/database-backup.sql to archive backup_www.comparlo.com-2017-03-05_12-40-sql-8c096.tar  [] []
[2017-03-05 12:40:08] xcloner_archive.INFO: Closing the backup archive backup_www.comparlo.com-2017-03-05_12-40-sql-8c096.tar with 2*512 zero bytes blocks. [] []
[2017-03-05 12:40:08] xcloner_file_system.INFO: Deleting the temporary storage folder /tmp/.xcloner-8c096 [] []
[2017-03-05 12:40:19] php_system.INFO: E_NOTICE: array (   'type' => 8,   'message' => 'ob_end_clean(): failed to delete buffer. No buffer to delete',   'file' => '/home/comparlo/public_html/wp/wp-content/plugins/xcloner-backup-and-restore/includes/class-xcloner-api.php',   'line' => 900, ) [] []
[2017-03-05 12:40:23] php_system.INFO: E_NOTICE: array (   'type' => 8,   'message' => 'Undefined index: action',   'file' => '/home/comparlo/public_html/wp/wp-content/plugins/custom-qa/custom-qa.php',   'line' => 193, ) [] []
[2017-03-05 12:42:20] php_system.INFO: E_WARNING: array (   'type' => 2,   'message' => 'session_start(): Cannot send session cache limiter - headers already sent (output started at /home/comparlo/public_html/wp/wp-cron.php:12)',   'file' => '/home/comparlo/public_html/wp/wp-content/plugins/userpro/index.php',   'line' => 35, ) [] []
[2017-03-05 12:42:20] php_system.INFO: E_NOTICE: array (   'type' => 8,   'message' => 'Undefined index: action',   'file' => '/home/comparlo/public_html/wp/wp-content/plugins/custom-qa/custom-qa.php',   'line' => 193, ) [] []
[2017-03-05 12:42:37] php_system.INFO: E_NOTICE: array (   'type' => 8,   'message' => 'Undefined index: action',   'file' => '/home/comparlo/public_html/wp/wp-content/plugins/custom-qa/custom-qa.php',   'line' => 193, ) [] []
[2017-03-05 12:42:50] php_system.INFO: E_NOTICE: array (   'type' => 8,   'message' => 'Undefined index: action',   'file' => '/home/comparlo/public_html/wp/wp-content/plugins/custom-qa/custom-qa.php',   'line' => 193, ) [] []
[2017-03-05 12:44:56] php_system.INFO: E_NOTICE: array (   'type' => 8,   'message' => 'Undefined index: action',   'file' => '/home/comparlo/public_html/wp/wp-content/plugins/custom-qa/custom-qa.php',   'line' => 193, ) [] []
[2017-03-05 12:47:38] php_system.INFO: E_NOTICE: array (   'type' => 8,   'message' => 'Undefined index: action',   'file' => '/home/comparlo/public_html/wp/wp-content/plugins/custom-qa/custom-qa.php',   'line' => 193, ) [] []
[2017-03-05 12:47:52] php_system.INFO: E_NOTICE: array (   'type' => 8,   'message' => 'Undefined index: action',   'file' => '/home/comparlo/public_html/wp/wp-content/plugins/custom-qa/custom-qa.php',   'line' => 193, ) [] []
